[1m{[32m[22m'max_speed'[39m: [3mFalse[23m, [32m'dt'[39m: [3mFalse[23m, [32m'g'[39m: [3mTrue[23m, [32m'm'[39m: [3mFalse[23m, [32m'l'[39m: [3mFalse[23m, [32m'initial_angle_max'[39m: [3mFalse[23m, [32m'initial_velocity_max'[39m: [3mFalse[1m[23m}
> /home/mohan/git/current_projects/contextual_rl/attention/CARL/experiments/context_importance/run_context_importance.py(114)eval_agent()
-> for k in config_smac:
(Pdb) c
[2022-07-05 21:14:23,659][absl][INFO] - Unable to initialize backend 'tpu_driver': NOT_FOUND: Unable to find driver in registry given worker:
[2022-07-05 21:14:23,659][absl][INFO] - Unable to initialize backend 'gpu': NOT_FOUND: Could not find registered platform with name: "cuda". Available platform names are: Interpreter Host
[2022-07-05 21:14:23,659][absl][INFO] - Unable to initialize backend 'tpu': INVALID_ARGUMENT: TpuPlatform is not available.
[2022-07-05 21:14:23,659][absl][WARNING] - No GPU/TPU found, falling back to CPU. (Set TF_CPP_MIN_LOG_LEVEL=0 and rerun for more info.)
[2022-07-05 21:14:25,716][TrainMonitor][INFO] - ep: 1,	T: 201,	G: -1.66e+03,	avg_r: -8.31,	avg_G: -1.66e+03,	t: 200,	dt: 2.629ms
[2022-07-05 21:14:25,991][TrainMonitor][INFO] - ep: 2,	T: 402,	G: -847,	avg_r: -4.23,	avg_G: -1.25e+03,	t: 200,	dt: 1.375ms
[2022-07-05 21:14:34,513][TrainMonitor][INFO] - ep: 3,	T: 603,	G: -896,	avg_r: -4.48,	avg_G: -1.13e+03,	t: 200,	dt: 42.607ms,	SoftClippedDoubleQLearning/EntropyRegularizer/entropy: 0.886,	SoftClippedDoubleQLearning/loss: 370,	SoftPG/EntropyRegularizer/entropy: 1.22,	SoftPG/loss: -0.237
[2022-07-05 21:14:35,535][TrainMonitor][INFO] - ep: 4,	T: 804,	G: -1.18e+03,	avg_r: -5.9,	avg_G: -1.15e+03,	t: 200,	dt: 5.109ms,	SoftClippedDoubleQLearning/EntropyRegularizer/entropy: 1.6,	SoftClippedDoubleQLearning/loss: 98.6,	SoftPG/EntropyRegularizer/entropy: 2.22,	SoftPG/loss: -0.269
[1m-1623.3192825464537
> /home/mohan/git/current_projects/contextual_rl/attention/CARL/experiments/context_importance/run_context_importance.py(201)main()
-> smac = SMAC4BB(
(Pdb) c
[2022-07-05 21:14:43,223][smac.facade.smac_bb_facade.SMAC4BB][INFO] - Optimizing a deterministic scenario for quality without a tuner timeout - will make SMAC deterministic and only evaluate one configuration per iteration!
[2022-07-05 21:14:43,229][smac.initial_design.sobol_design.SobolDesign][INFO] - Running initial design for 2 configurations
[2022-07-05 21:14:43,230][smac.facade.smac_bb_facade.SMAC4BB][INFO] - <class 'smac.facade.smac_bb_facade.SMAC4BB'>
[2022-07-05 21:14:43,230][smac.optimizer.smbo.SMBO][INFO] - Running initial design
[2022-07-05 21:14:43,240][smac.intensification.intensification.Intensifier][INFO] - First run, no incumbent provided; challenger is assumed to be the incumbent
Problem at: /home/mohan/git/current_projects/contextual_rl/attention/CARL/experiments/context_importance/run_context_importance.py 89 eval_agent
[2022-07-05 21:14:45,343][smac.stats.stats.Stats][INFO] - ##########################################################
[2022-07-05 21:14:45,343][smac.stats.stats.Stats][INFO] - Statistics:
[2022-07-05 21:14:45,344][smac.stats.stats.Stats][INFO] - #Incumbent changed: -1
[2022-07-05 21:14:45,344][smac.stats.stats.Stats][INFO] - #Submitted target algorithm runs: 1 / 250.0
[2022-07-05 21:14:45,344][smac.stats.stats.Stats][INFO] - #Finished target algorithm runs: 1 / 250.0
[2022-07-05 21:14:45,344][smac.stats.stats.Stats][INFO] - #Configurations: 1
[2022-07-05 21:14:45,344][smac.stats.stats.Stats][INFO] - Used wallclock time: 2.11 / inf sec
[2022-07-05 21:14:45,344][smac.stats.stats.Stats][INFO] - Used target algorithm runtime: 2.10 / inf sec
[2022-07-05 21:14:45,344][smac.stats.stats.Stats][INFO] - ##########################################################
[2022-07-05 21:14:45,344][smac.facade.smac_bb_facade.SMAC4BB][INFO] - Final Incumbent: None
100%|â–ˆâ–ˆâ–ˆâ–ˆâ–ˆâ–ˆâ–ˆâ–ˆâ–ˆâ–ˆâ–ˆâ–ˆâ–ˆâ–ˆâ–ˆâ–ˆâ–ˆâ–ˆâ–ˆâ–ˆâ–ˆâ–ˆâ–ˆâ–ˆâ–ˆâ–ˆâ–ˆâ–ˆâ–ˆâ–ˆâ–ˆâ–ˆâ–ˆâ–ˆâ–ˆâ–ˆâ–ˆâ–ˆâ–ˆâ–ˆâ–ˆâ–ˆâ–ˆâ–ˆâ–ˆâ–ˆâ–ˆâ–ˆâ–ˆâ–ˆâ–ˆâ–ˆâ–ˆâ–ˆâ–ˆâ–ˆâ–ˆâ–ˆâ–ˆâ–ˆâ–ˆâ–ˆâ–ˆâ–ˆâ–ˆâ–ˆâ–ˆâ–ˆâ–ˆâ–ˆâ–ˆâ–ˆâ–ˆâ–ˆâ–ˆâ–ˆâ–ˆâ–ˆâ–ˆâ–ˆâ–ˆâ–ˆâ–ˆâ–ˆâ–ˆâ–ˆâ–ˆâ–ˆâ–ˆâ–ˆâ–ˆâ–ˆâ–ˆâ–ˆâ–ˆâ–ˆâ–ˆâ–ˆâ–ˆâ–ˆâ–ˆâ–ˆâ–ˆâ–ˆâ–ˆâ–ˆâ–ˆâ–ˆâ–ˆâ–ˆâ–ˆâ–ˆâ–ˆâ–ˆâ–ˆâ–ˆâ–ˆâ–ˆâ–ˆâ–ˆâ–ˆâ–ˆâ–ˆâ–ˆâ–ˆâ–ˆâ–ˆâ–ˆâ–ˆâ–ˆâ–ˆâ–ˆâ–ˆâ–ˆâ–ˆâ–ˆâ–ˆâ–ˆâ–ˆâ–ˆâ–ˆâ–ˆâ–ˆâ–ˆâ–ˆâ–ˆâ–ˆâ–ˆâ–ˆâ–ˆâ–ˆâ–ˆâ–ˆâ–ˆâ–ˆâ–ˆâ–ˆâ–ˆâ–ˆâ–ˆâ–ˆâ–ˆâ–ˆâ–ˆâ–ˆâ–ˆâ–ˆâ–ˆâ–ˆâ–ˆâ–ˆâ–ˆâ–ˆâ–ˆâ–ˆâ–ˆâ–ˆâ–ˆâ–ˆâ–ˆâ–ˆâ–ˆâ–ˆâ–ˆâ–ˆâ–ˆâ–ˆâ–ˆâ–ˆâ–ˆâ–ˆ| 10/10 [00:02<00:00,  4.30it/s]
/home/mohan/miniconda3/envs/attention-context/lib/python3.9/site-packages/smac/epm/gp_kernels.py:194: DeprecationWarning: `np.int` is a deprecated alias for the builtin `int`. To silence this warning, use `int` by itself. Doing this will not modify any behavior and is safe. When replacing `np.int`, you may wish to use e.g. `np.int64` or `np.int32` to specify the precision. If you wish to review your current use, check the release note link for additional information.
Deprecated in NumPy 1.20; for more details and guidance: https://numpy.org/devdocs/release/1.20.0-notes.html#deprecations
  if operate_on.dtype != np.int:
/home/mohan/miniconda3/envs/attention-context/lib/python3.9/site-packages/smac/initial_design/initial_design.py:136: DeprecationWarning: `np.int` is a deprecated alias for the builtin `int`. To silence this warning, use `int` by itself. Doing this will not modify any behavior and is safe. When replacing `np.int`, you may wish to use e.g. `np.int64` or `np.int32` to specify the precision. If you wish to review your current use, check the release note link for additional information.
Deprecated in NumPy 1.20; for more details and guidance: https://numpy.org/devdocs/release/1.20.0-notes.html#deprecations
  design[:, idx] = np.array(v_design * len(param.choices), dtype=np.int)
Traceback (most recent call last):
  File "/home/mohan/miniconda3/envs/attention-context/lib/python3.9/site-packages/wandb/sdk/wandb_init.py", line 999, in init
    run = wi.init()
  File "/home/mohan/miniconda3/envs/attention-context/lib/python3.9/site-packages/wandb/sdk/wandb_init.py", line 512, in init
    tel.feature.init_return_run = True
  File "/home/mohan/miniconda3/envs/attention-context/lib/python3.9/site-packages/wandb/sdk/lib/telemetry.py", line 41, in __exit__
    self._run._telemetry_callback(self._obj)
  File "/home/mohan/miniconda3/envs/attention-context/lib/python3.9/site-packages/wandb/sdk/wandb_run.py", line 577, in _telemetry_callback
    self._telemetry_flush()
  File "/home/mohan/miniconda3/envs/attention-context/lib/python3.9/site-packages/wandb/sdk/wandb_run.py", line 588, in _telemetry_flush
    self._backend.interface._publish_telemetry(self._telemetry_obj)
  File "/home/mohan/miniconda3/envs/attention-context/lib/python3.9/site-packages/wandb/sdk/interface/interface_shared.py", line 74, in _publish_telemetry
    self._publish(rec)
  File "/home/mohan/miniconda3/envs/attention-context/lib/python3.9/site-packages/wandb/sdk/interface/interface_queue.py", line 48, in _publish
    if self._process_check and self._process and not self._process.is_alive():
  File "/home/mohan/miniconda3/envs/attention-context/lib/python3.9/multiprocessing/process.py", line 160, in is_alive
    assert self._parent_pid == os.getpid(), 'can only test a child process'
AssertionError: can only test a child process
[34m[1mwandb[39m[22m: [32m[41mERROR[39m[49m Abnormal program exit
Process pynisher function call:
Traceback (most recent call last):
  File "/home/mohan/miniconda3/envs/attention-context/lib/python3.9/site-packages/wandb/sdk/wandb_init.py", line 999, in init
    run = wi.init()
  File "/home/mohan/miniconda3/envs/attention-context/lib/python3.9/site-packages/wandb/sdk/wandb_init.py", line 512, in init
    tel.feature.init_return_run = True
  File "/home/mohan/miniconda3/envs/attention-context/lib/python3.9/site-packages/wandb/sdk/lib/telemetry.py", line 41, in __exit__
    self._run._telemetry_callback(self._obj)
  File "/home/mohan/miniconda3/envs/attention-context/lib/python3.9/site-packages/wandb/sdk/wandb_run.py", line 577, in _telemetry_callback
    self._telemetry_flush()
  File "/home/mohan/miniconda3/envs/attention-context/lib/python3.9/site-packages/wandb/sdk/wandb_run.py", line 588, in _telemetry_flush
    self._backend.interface._publish_telemetry(self._telemetry_obj)
  File "/home/mohan/miniconda3/envs/attention-context/lib/python3.9/site-packages/wandb/sdk/interface/interface_shared.py", line 74, in _publish_telemetry
    self._publish(rec)
  File "/home/mohan/miniconda3/envs/attention-context/lib/python3.9/site-packages/wandb/sdk/interface/interface_queue.py", line 48, in _publish
    if self._process_check and self._process and not self._process.is_alive():
  File "/home/mohan/miniconda3/envs/attention-context/lib/python3.9/multiprocessing/process.py", line 160, in is_alive
    assert self._parent_pid == os.getpid(), 'can only test a child process'
AssertionError: can only test a child process
The above exception was the direct cause of the following exception:
Traceback (most recent call last):
  File "/home/mohan/miniconda3/envs/attention-context/lib/python3.9/multiprocessing/process.py", line 315, in _bootstrap
    self.run()
  File "/home/mohan/miniconda3/envs/attention-context/lib/python3.9/multiprocessing/process.py", line 108, in run
    self._target(*self._args, **self._kwargs)
  File "/home/mohan/miniconda3/envs/attention-context/lib/python3.9/site-packages/pynisher/limit_function_call.py", line 133, in subprocess_func
    return_value = ((func(*args, **kwargs), 0))
  File "/home/mohan/git/current_projects/contextual_rl/attention/CARL/experiments/context_importance/run_context_importance.py", line 89, in eval_agent
    wandb.init(
  File "/home/mohan/miniconda3/envs/attention-context/lib/python3.9/site-packages/wandb/sdk/wandb_init.py", line 1037, in init
    raise Exception("problem") from error_seen
Exception: problem
Error executing job with overrides: []
Traceback (most recent call last):
  File "/home/mohan/git/current_projects/contextual_rl/attention/CARL/experiments/context_importance/run_context_importance.py", line 201, in main
    smac = SMAC4BB(
  File "/home/mohan/miniconda3/envs/attention-context/lib/python3.9/site-packages/smac/facade/smac_ac_facade.py", line 598, in optimize
    incumbent = self.solver.run()
  File "/home/mohan/miniconda3/envs/attention-context/lib/python3.9/site-packages/smac/optimizer/smbo.py", line 287, in run
    self._incorporate_run_results(run_info, result, time_left)
  File "/home/mohan/miniconda3/envs/attention-context/lib/python3.9/site-packages/smac/optimizer/smbo.py", line 476, in _incorporate_run_results
    raise FirstRunCrashedException(
smac.tae.FirstRunCrashedException: First run crashed, abort. Please check your setup -- we assume that your default configuration does not crashes. (To deactivate this exception, use the SMAC scenario option 'abort_on_first_run_crash'). Additional run info: {}
Set the environment variable HYDRA_FULL_ERROR=1 for a complete stack trace.